\BOOKMARK [0][-]{chapter.1}{\376\377\000I\000n\000t\000r\000o\000d\000u\000c\000t\000i\000o\000n}{}% 1
\BOOKMARK [1][-]{section.1.1}{\376\377\000O\000b\000j\000e\000c\000t\000i\000v\000e\000s\000\040\000o\000f\000\040\000t\000h\000e\000\040\000i\000n\000t\000e\000r\000n\000s\000h\000i\000p}{chapter.1}% 2
\BOOKMARK [1][-]{section.1.2}{\376\377\000M\000o\000t\000i\000v\000a\000t\000i\000o\000n\000s\000\040\000f\000o\000r\000\040\000t\000h\000e\000\040\000i\000n\000t\000e\000r\000n\000s\000h\000i\000p}{chapter.1}% 3
\BOOKMARK [0][-]{chapter.2}{\376\377\000A\000l\000g\000o\000r\000i\000t\000h\000m\000s\000\040\000f\000o\000r\000\040\000c\000o\000m\000m\000u\000n\000i\000t\000y\000\040\000d\000e\000t\000e\000c\000t\000i\000o\000n}{}% 4
\BOOKMARK [1][-]{section.2.1}{\376\377\000S\000t\000a\000t\000i\000s\000t\000i\000c\000a\000l\000\040\000a\000p\000p\000r\000o\000a\000c\000h}{chapter.2}% 5
\BOOKMARK [1][-]{section.2.2}{\376\377\000S\000p\000e\000c\000t\000r\000a\000l\000\040\000a\000p\000p\000r\000o\000a\000c\000h}{chapter.2}% 6
\BOOKMARK [0][-]{chapter.3}{\376\377\000S\000t\000a\000t\000i\000s\000t\000i\000c\000a\000l\000\040\000l\000e\000a\000r\000n\000i\000n\000g\000\040\000t\000h\000e\000o\000r\000y}{}% 7
\BOOKMARK [1][-]{section.3.1}{\376\377\000A\000g\000r\000e\000e\000m\000e\000n\000t\000\040\000a\000n\000d\000\040\000d\000e\000g\000r\000e\000e\000s\000\040\000o\000f\000\040\000r\000e\000c\000o\000v\000e\000r\000y}{chapter.3}% 8
\BOOKMARK [1][-]{section.3.2}{\376\377\000A\000s\000y\000m\000p\000t\000o\000t\000i\000c\000\040\000t\000o\000p\000o\000l\000o\000g\000i\000e\000s}{chapter.3}% 9
\BOOKMARK [1][-]{section.3.3}{\376\377\000C\000o\000n\000s\000i\000s\000t\000e\000n\000c\000y\000\040\000o\000f\000\040\000v\000a\000r\000i\000a\000t\000i\000o\000n\000a\000l\000\040\000E\000M}{chapter.3}% 10
\BOOKMARK [1][-]{section.3.4}{\376\377\000T\000h\000e\000\040\000c\000a\000s\000e\000\040\000o\000f\000\040\000o\000f\000\040\000s\000p\000e\000c\000t\000r\000a\000l\000\040\000c\000l\000u\000s\000t\000e\000r\000i\000n\000g}{chapter.3}% 11
\BOOKMARK [0][-]{chapter.4}{\376\377\000N\000u\000m\000e\000r\000i\000c\000a\000l\000\040\000e\000x\000p\000e\000r\000i\000m\000e\000n\000t\000s}{}% 12
\BOOKMARK [1][-]{section.4.1}{\376\377\000N\000u\000m\000e\000r\000i\000c\000a\000l\000\040\000e\000x\000p\000e\000r\000i\000m\000e\000n\000t\000s}{chapter.4}% 13
\BOOKMARK [0][-]{chapter.5}{\376\377\000C\000o\000n\000c\000l\000u\000s\000i\000o\000n\000\040\000a\000n\000d\000\040\000o\000u\000t\000l\000o\000o\000k}{}% 14
\BOOKMARK [1][-]{section.5.1}{\376\377\000C\000o\000n\000c\000l\000u\000s\000i\000o\000n\000s}{chapter.5}% 15
\BOOKMARK [0][-]{appendix.A}{\376\377\000P\000r\000o\000o\000f\000s\000,\000\040\000c\000a\000l\000c\000u\000l\000a\000t\000i\000o\000n\000s\000,\000\040\000e\000x\000t\000r\000a\000\040\000d\000e\000f\000i\000n\000i\000t\000i\000o\000n\000s}{}% 16
\BOOKMARK [1][-]{section.A.1}{\376\377\000P\000r\000o\000o\000f\000\040\000o\000f\000\040\000T\000h\000e\000o\000r\000e\000m\000\040\0001}{appendix.A}% 17
\BOOKMARK [1][-]{section.A.2}{\376\377\000P\000r\000o\000o\000f\000\040\000o\000f\000\040\000P\000r\000o\000p\000o\000s\000i\000t\000i\000o\000n\000\040\0001}{appendix.A}% 18
\BOOKMARK [1][-]{section.A.3}{\376\377\000P\000r\000o\000o\000f\000\040\000o\000f\000\040\000E\000M\000\040\000e\000x\000p\000l\000i\000c\000i\000t\000\040\000s\000t\000e\000p\000s}{appendix.A}% 19
\BOOKMARK [1][-]{section.A.4}{\376\377\000C\000o\000n\000v\000e\000r\000g\000e\000n\000c\000e\000\040\000o\000f\000\040\000V\000E\000M\000\040\000t\000o\000\040\000a\000\040\000l\000o\000c\000a\000l\000\040\000m\000a\000x\000i\000m\000u\000m}{appendix.A}% 20
\BOOKMARK [1][-]{section.A.5}{\376\377\000S\000k\000e\000t\000c\000h\000\040\000o\000f\000\040\000p\000r\000o\000o\000f\000\040\000o\000f\000\040\000L\000e\000m\000m\000a\000\040\0001}{appendix.A}% 21
\BOOKMARK [1][-]{section.A.6}{\376\377\000A\000s\000y\000m\000p\000t\000o\000t\000i\000c\000\040\000n\000o\000t\000a\000t\000i\000o\000n}{appendix.A}% 22
\BOOKMARK [0][-]{appendix.B}{\376\377\000T\000h\000e\000\040\000c\000a\000s\000e\000\040\000o\000f\000\040\000t\000w\000o\000\040\000c\000o\000m\000m\000u\000n\000i\000t\000i\000e\000s}{}% 23
\BOOKMARK [1][-]{section.B.1}{\376\377\000T\000h\000e\000\040\000c\000a\000s\000e\000\040\000o\000f\000\040\000t\000w\000o\000\040\000c\000o\000m\000m\000u\000n\000i\000t\000i\000e\000s\000*}{appendix.B}% 24
